<?xml version="1.0" encoding="UTF-8"?>
<testng-results skipped="0" failed="1" total="1" passed="0">
  <reporter-output>
  </reporter-output>
  <suite name="Surefire suite" duration-ms="150" started-at="2017-01-23T13:17:30Z" finished-at="2017-01-23T13:17:30Z">
    <groups>
    </groups>
    <test name="Surefire test" duration-ms="150" started-at="2017-01-23T13:17:30Z" finished-at="2017-01-23T13:17:30Z">
      <class name="accpackage.accTest">
        <test-method status="PASS" signature="beforeTest()[pri:0, instance:accpackage.accTest@58ceff1]" name="beforeTest" is-config="true" duration-ms="11" started-at="2017-01-23T18:47:30Z" finished-at="2017-01-23T18:47:30Z">
          <reporter-output>
          </reporter-output>
        </test-method> <!-- beforeTest -->
        <test-method status="FAIL" signature="f()[pri:0, instance:accpackage.accTest@58ceff1]" name="f" duration-ms="104" started-at="2017-01-23T18:47:30Z" finished-at="2017-01-23T18:47:30Z">
          <exception class="java.lang.IllegalStateException">
            <message>
              <![CDATA[The driver executable does not exist: E:\acc-demo\mozilla-geckodriver\geckodriver.exe]]>
            </message>
            <full-stacktrace>
              <![CDATA[java.lang.IllegalStateException: The driver executable does not exist: E:\acc-demo\mozilla-geckodriver\geckodriver.exe
	at com.google.common.base.Preconditions.checkState(Preconditions.java:199)
	at org.openqa.selenium.remote.service.DriverService.checkExecutable(DriverService.java:121)
	at org.openqa.selenium.remote.service.DriverService.findExecutable(DriverService.java:116)
	at org.openqa.selenium.chrome.ChromeDriverService.access$000(ChromeDriverService.java:32)
	at org.openqa.selenium.chrome.ChromeDriverService$Builder.findDefaultExecutable(ChromeDriverService.java:137)
	at org.openqa.selenium.remote.service.DriverService$Builder.build(DriverService.java:296)
	at org.openqa.selenium.chrome.ChromeDriverService.createDefaultService(ChromeDriverService.java:88)
	at org.openqa.selenium.chrome.ChromeDriver.<init>(ChromeDriver.java:116)
	at accpackage.accTest.f(accTest.java:20)
	at sun.reflect.NativeMethodAccessorImpl.invoke0(Native Method)
	at sun.reflect.NativeMethodAccessorImpl.invoke(NativeMethodAccessorImpl.java:62)
	at sun.reflect.DelegatingMethodAccessorImpl.invoke(DelegatingMethodAccessorImpl.java:43)
	at java.lang.reflect.Method.invoke(Method.java:483)
	at org.testng.internal.MethodInvocationHelper.invokeMethod(MethodInvocationHelper.java:80)
	at org.testng.internal.Invoker.invokeMethod(Invoker.java:714)
	at org.testng.internal.Invoker.invokeTestMethod(Invoker.java:901)
	at org.testng.internal.Invoker.invokeTestMethods(Invoker.java:1231)
	at org.testng.internal.TestMethodWorker.invokeTestMethods(TestMethodWorker.java:127)
	at org.testng.internal.TestMethodWorker.run(TestMethodWorker.java:111)
	at org.testng.TestRunner.privateRun(TestRunner.java:767)
	at org.testng.TestRunner.run(TestRunner.java:617)
	at org.testng.SuiteRunner.runTest(SuiteRunner.java:334)
	at org.testng.SuiteRunner.runSequentially(SuiteRunner.java:329)
	at org.testng.SuiteRunner.privateRun(SuiteRunner.java:291)
	at org.testng.SuiteRunner.run(SuiteRunner.java:240)
	at org.testng.SuiteRunnerWorker.runSuite(SuiteRunnerWorker.java:52)
	at org.testng.SuiteRunnerWorker.run(SuiteRunnerWorker.java:86)
	at org.testng.TestNG.runSuitesSequentially(TestNG.java:1198)
	at org.testng.TestNG.runSuitesLocally(TestNG.java:1123)
	at org.testng.TestNG.run(TestNG.java:1031)
	at org.apache.maven.surefire.testng.TestNGExecutor.run(TestNGExecutor.java:115)
	at org.apache.maven.surefire.testng.TestNGDirectoryTestSuite.executeSingleClass(TestNGDirectoryTestSuite.java:128)
	at org.apache.maven.surefire.testng.TestNGDirectoryTestSuite.execute(TestNGDirectoryTestSuite.java:112)
	at org.apache.maven.surefire.testng.TestNGProvider.invoke(TestNGProvider.java:112)
	at org.apache.maven.surefire.booter.ForkedBooter.invokeProviderInSameClassLoader(ForkedBooter.java:200)
	at org.apache.maven.surefire.booter.ForkedBooter.runSuitesInProcess(ForkedBooter.java:153)
	at org.apache.maven.surefire.booter.ForkedBooter.main(ForkedBooter.java:103)
]]>
            </full-stacktrace>
          </exception> <!-- java.lang.IllegalStateException -->
          <reporter-output>
          </reporter-output>
        </test-method> <!-- f -->
        <test-method status="PASS" signature="afterTest()[pri:0, instance:accpackage.accTest@58ceff1]" name="afterTest" is-config="true" duration-ms="0" started-at="2017-01-23T18:47:30Z" finished-at="2017-01-23T18:47:30Z">
          <reporter-output>
          </reporter-output>
        </test-method> <!-- afterTest -->
      </class> <!-- accpackage.accTest -->
    </test> <!-- Surefire test -->
  </suite> <!-- Surefire suite -->
</testng-results>
